#
# There is insufficient memory for the Java Runtime Environment to continue.
# Native memory allocation (malloc) failed to allocate 1048576 bytes for AllocateHeap
# Possible reasons:
#   The system is out of physical RAM or swap space
#   The process is running with CompressedOops enabled, and the Java Heap may be blocking the growth of the native heap
# Possible solutions:
#   Reduce memory load on the system
#   Increase physical memory or swap space
#   Check if swap backing store is full
#   Decrease Java heap size (-Xmx/-Xms)
#   Decrease number of Java threads
#   Decrease Java thread stack sizes (-Xss)
#   Set larger code cache with -XX:ReservedCodeCacheSize=
#   JVM is running with Unscaled Compressed Oops mode in which the Java heap is
#     placed in the first 4GB address space. The Java Heap base address is the
#     maximum limit for the native heap growth. Please use -XX:HeapBaseMinAddress
#     to set the Java Heap base and to place the Java Heap above 4GB virtual address.
# This output file may be truncated or incomplete.
#
#  Out of Memory Error (memory/allocation.inline.hpp:61), pid=14124, tid=0x00000000000015e4
#
# JRE version:  (8.0_211-b12) (build )
# Java VM: Java HotSpot(TM) 64-Bit Server VM (25.211-b12 mixed mode windows-amd64 compressed oops)
# Failed to write core dump. Minidumps are not enabled by default on client versions of Windows
#

---------------  T H R E A D  ---------------

Current thread (0x0000000002364800):  JavaThread "Unknown thread" [_thread_in_vm, id=5604, stack(0x0000000002260000,0x0000000002360000)]

Stack: [0x0000000002260000,0x0000000002360000]
[error occurred during error reporting (printing stack bounds), id 0xc0000005]

Native frames: (J=compiled Java code, j=interpreted, Vv=VM code, C=native code)


---------------  P R O C E S S  ---------------

Java Threads: ( => current thread )

Other Threads:

=>0x0000000002364800 (exited) JavaThread "Unknown thread" [_thread_in_vm, id=5604, stack(0x0000000002260000,0x0000000002360000)]

VM state:not at safepoint (normal execution)

VM Mutex/Monitor currently owned by a thread: None

heap address: 0x00000000a1800000, size: 1512 MB, Compressed Oops mode: 32-bit
Narrow klass base: 0x0000000000000000, Narrow klass shift: 3
Compressed class space size: 1073741824 Address: 0x0000000100000000

Heap:
 PSYoungGen      total 28672K, used 491K [0x00000000e0800000, 0x00000000e2800000, 0x0000000100000000)
  eden space 24576K, 2% used [0x00000000e0800000,0x00000000e087ae20,0x00000000e2000000)
  from space 4096K, 0% used [0x00000000e2400000,0x00000000e2400000,0x00000000e2800000)
  to   space 4096K, 0% used [0x00000000e2000000,0x00000000e2000000,0x00000000e2400000)
 ParOldGen       total 65536K, used 0K [0x00000000a1800000, 0x00000000a5800000, 0x00000000e0800000)
  object space 65536K, 0% used [0x00000000a1800000,0x00000000a1800000,0x00000000a5800000)
 Metaspace       used 751K, capacity 4480K, committed 4480K, reserved 1056768K
  class space    used 76K, capacity 384K, committed 384K, reserved 1048576K

Card table byte_map: [0x0000000011820000,0x0000000011b20000] byte_map_base: 0x0000000011314000

Marking Bits: (ParMarkBitMap*) 0x0000000054ee5ce0
 Begin Bits: [0x0000000012120000, 0x00000000138c0000)
 End Bits:   [0x00000000138c0000, 0x0000000015060000)

Polling page: 0x00000000009d0000

CodeCache: size=245760Kb used=328Kb max_used=328Kb free=245431Kb
 bounds [0x0000000002460000, 0x00000000026d0000, 0x0000000011460000]
 total_blobs=58 nmethods=0 adapters=38
 compilation: enabled

Compilation events (0 events):
No events

GC Heap History (0 events):
No events

Deoptimization events (0 events):
No events

Classes redefined (0 events):
No events

Internal exceptions (0 events):
No events

Events (10 events):
Event: 0.045 loading class java/lang/Short
Event: 0.045 loading class java/lang/Short done
Event: 0.045 loading class java/lang/Integer
Event: 0.045 loading class java/lang/Integer done
Event: 0.045 loading class java/lang/Long
Event: 0.045 loading class java/lang/Long done
Event: 0.046 loading class java/lang/NullPointerException
Event: 0.046 loading class java/lang/NullPointerException done
Event: 0.046 loading class java/lang/ArithmeticException
Event: 0.046 loading class java/lang/ArithmeticException done


Dynamic libraries:
0x00007ff631a30000 - 0x00007ff631a67000 	C:\Program Files\Java\jre1.8.0_211\bin\javaw.exe
0x00007ffe4e290000 - 0x00007ffe4e47d000 	C:\Windows\SYSTEM32\ntdll.dll
0x00007ffe38080000 - 0x00007ffe38092000 	C:\Program Files\AVAST Software\Avast\aswhook.dll
0x00007ffe4bce0000 - 0x00007ffe4bd93000 	C:\Windows\System32\KERNEL32.DLL
0x00007ffe4b220000 - 0x00007ffe4b4b3000 	C:\Windows\System32\KERNELBASE.dll
0x00007ffe4df40000 - 0x00007ffe4dfe3000 	C:\Windows\System32\ADVAPI32.dll
0x00007ffe4c650000 - 0x00007ffe4c6ee000 	C:\Windows\System32\msvcrt.dll
0x00007ffe4dd40000 - 0x00007ffe4ddde000 	C:\Windows\System32\sechost.dll
0x00007ffe4dc10000 - 0x00007ffe4dd32000 	C:\Windows\System32\RPCRT4.dll
0x00007ffe4c390000 - 0x00007ffe4c527000 	C:\Windows\System32\USER32.dll
0x00007ffe4b200000 - 0x00007ffe4b220000 	C:\Windows\System32\win32u.dll
0x00007ffe4b9a0000 - 0x00007ffe4b9c9000 	C:\Windows\System32\GDI32.dll
0x00007ffe4adc0000 - 0x00007ffe4af5a000 	C:\Windows\System32\gdi32full.dll
0x00007ffe4af60000 - 0x00007ffe4b000000 	C:\Windows\System32\msvcp_win.dll
0x00007ffe4a470000 - 0x00007ffe4a56a000 	C:\Windows\System32\ucrtbase.dll
0x00007ffe399f0000 - 0x00007ffe39c69000 	C:\Windows\WinSxS\amd64_microsoft.windows.common-controls_6595b64144ccf1df_6.0.17763.557_none_05b63f68071e5b9f\COMCTL32.dll
0x00007ffe4c000000 - 0x00007ffe4c32c000 	C:\Windows\System32\combase.dll
0x00007ffe4a570000 - 0x00007ffe4a5ee000 	C:\Windows\System32\bcryptPrimitives.dll
0x00007ffe4e060000 - 0x00007ffe4e08e000 	C:\Windows\System32\IMM32.DLL
0x0000000053780000 - 0x0000000053852000 	C:\Program Files\Java\jre1.8.0_211\bin\msvcr100.dll
0x00000000546c0000 - 0x0000000054f65000 	C:\Program Files\Java\jre1.8.0_211\bin\server\jvm.dll
0x00007ffe4c590000 - 0x00007ffe4c598000 	C:\Windows\System32\PSAPI.DLL
0x00007ffe37fa0000 - 0x00007ffe37fa9000 	C:\Windows\SYSTEM32\WSOCK32.dll
0x00007ffe4dff0000 - 0x00007ffe4e05d000 	C:\Windows\System32\WS2_32.dll
0x00007ffe48490000 - 0x00007ffe484b4000 	C:\Windows\SYSTEM32\WINMM.dll
0x00007ffe39d00000 - 0x00007ffe39d0a000 	C:\Windows\SYSTEM32\VERSION.dll
0x00007ffe48460000 - 0x00007ffe4848d000 	C:\Windows\SYSTEM32\WINMMBASE.dll
0x00007ffe4a5f0000 - 0x00007ffe4a63a000 	C:\Windows\System32\cfgmgr32.dll
0x00007ffe46c70000 - 0x00007ffe46c7f000 	C:\Program Files\Java\jre1.8.0_211\bin\verify.dll
0x00007ffe3a820000 - 0x00007ffe3a849000 	C:\Program Files\Java\jre1.8.0_211\bin\java.dll
0x00007ffe3f090000 - 0x00007ffe3f0a6000 	C:\Program Files\Java\jre1.8.0_211\bin\zip.dll

VM Arguments:
jvm_args: -Dcom.sun.management.jmxremote -Dcom.sun.management.jmxremote.port=63268 -Dcom.sun.management.jmxremote.authenticate=false -Dcom.sun.management.jmxremote.ssl=false -Djava.rmi.server.hostname=localhost -Dspring.jmx.enabled=true -Dspring.application.admin.enabled=true -Xverify:none -XX:TieredStopAtLevel=1 -Dfile.encoding=UTF-8 
java_command: com.crud.CrudMarketApplication
java_class_path (initial): C:\Users\santi\eclipse-workspace\crud-market\target\classes;C:\Users\santi\.m2\repository\org\springframework\boot\spring-boot-starter-data-jpa\2.1.5.RELEASE\spring-boot-starter-data-jpa-2.1.5.RELEASE.jar;C:\Users\santi\.m2\repository\org\springframework\boot\spring-boot-starter-aop\2.1.5.RELEASE\spring-boot-starter-aop-2.1.5.RELEASE.jar;C:\Users\santi\.m2\repository\org\springframework\spring-aop\5.1.7.RELEASE\spring-aop-5.1.7.RELEASE.jar;C:\Users\santi\.m2\repository\org\aspectj\aspectjweaver\1.9.4\aspectjweaver-1.9.4.jar;C:\Users\santi\.m2\repository\org\springframework\boot\spring-boot-starter-jdbc\2.1.5.RELEASE\spring-boot-starter-jdbc-2.1.5.RELEASE.jar;C:\Users\santi\.m2\repository\com\zaxxer\HikariCP\3.2.0\HikariCP-3.2.0.jar;C:\Users\santi\.m2\repository\org\springframework\spring-jdbc\5.1.7.RELEASE\spring-jdbc-5.1.7.RELEASE.jar;C:\Users\santi\.m2\repository\javax\transaction\javax.transaction-api\1.3\javax.transaction-api-1.3.jar;C:\Users\santi\.m2\repository\javax\xml\bind\jaxb-api\2.3.1\jaxb-api-2.3.1.jar;C:\Users\santi\.m2\repository\javax\activation\javax.activation-api\1.2.0\javax.activation-api-1.2.0.jar;C:\Users\santi\.m2\repository\org\hibernate\hibernate-core\5.3.10.Final\hibernate-core-5.3.10.Final.jar;C:\Users\santi\.m2\repository\org\jboss\logging\jboss-logging\3.3.2.Final\jboss-logging-3.3.2.Final.jar;C:\Users\santi\.m2\repository\javax\persistence\javax.persistence-api\2.2\javax.persistence-api-2.2.jar;C:\Users\santi\.m2\repository\org\javassist\javassist\3.23.2-GA\javassist-3.23.2-GA.jar;C:\Users\santi\.m2\repository\net\bytebuddy\byte-buddy\1.9.12\byte-buddy-1.9.12.jar;C:\Users\santi\.m2\repository\antlr\antlr\2.7.7\antlr-2.7.7.jar;C:\Users\santi\.m2\repository\org\jboss\jandex\2.0.5.Final\jandex-2.0.5.Final.jar;C:\Users\santi\.m2\repository\com\fasterxml\classmate\1.4.0\classmate-1.4.0.jar;C:\Users\santi\.m2\repository\org\dom4j\dom4j\2.1.1\dom4j-2.1.1.jar;C:\Users\santi\.m2\repository\org\hibernate\common\hibern
Launcher Type: SUN_STANDARD

Environment Variables:
PATH=C:/Program Files/Java/jre1.8.0_211/bin/server;C:/Program Files/Java/jre1.8.0_211/bin;C:/Program Files/Java/jre1.8.0_211/lib/amd64;C:\Program Files (x86)\Common Files\Oracle\Java\javapath;C:\Windows\system32;C:\Windows;C:\Windows\System32\Wbem;C:\Windows\System32\WindowsPowerShell\v1.0\;C:\Windows\System32\OpenSSH\;C:\Program Files\nodejs\;C:\Program Files\Git\cmd;C:\Users\santi\AppData\Local\Microsoft\WindowsApps;;C:\Users\santi\AppData\Local\Programs\Microsoft VS Code\bin;C:\Users\santi\AppData\Roaming\npm;C:\Users\santi\eclipse\java-2019-06\eclipse;
USERNAME=santi
OS=Windows_NT
PROCESSOR_IDENTIFIER=Intel64 Family 6 Model 142 Stepping 9, GenuineIntel



---------------  S Y S T E M  ---------------

OS: Windows 10.0 , 64 bit Build 17763 (10.0.17763.475)

CPU:total 4 (initial active 4) (2 cores per cpu, 2 threads per core) family 6 model 142 stepping 9, cmov, cx8, fxsr, mmx, sse, sse2, sse3, ssse3, sse4.1, sse4.2, popcnt, avx, avx2, aes, clmul, erms, 3dnowpref, lzcnt, ht, tsc, tscinvbit, bmi1, bmi2, adx

Memory: 4k page, physical 6187780k(637968k free), swap 25062148k(5904k free)

vm_info: Java HotSpot(TM) 64-Bit Server VM (25.211-b12) for windows-amd64 JRE (1.8.0_211-b12), built on Apr  1 2019 20:53:26 by "java_re" with MS VC++ 10.0 (VS2010)

time: Wed Jul 10 19:43:05 2019
timezone: Argentina Standard Time
elapsed time: 0 seconds (0d 0h 0m 0s)

